[LOG] System::create                           : Header version = 1.08.00. Current version = 1.08.00.
[LOG] SystemI::init                            : FMOD Studio Version: 00010800 (73592)
[LOG] SystemI::init                            : maxchannels = 256, flags = 00020000, extradriverdata = 0x0
[LOG] SystemI::close                           : 
[LOG] SystemI::close                           : Stop all sounds
[LOG] SystemI::close                           : done.

[LOG] OutputCoreAudio::enumerate               : Enumerating...
[LOG] OutputCoreAudio::enumerate               : Found output driver: "Built-in Output".
[LOG] OutputCoreAudio::enumerate               : Done.
[LOG] OutputCoreAudio::init                    : Output running 2 channels at 44100Hz sample rate.
[LOG] OutputCoreAudio::init                    : Maximum hardware read size: 1024 samples, Software buffer size: 512 samples, Number of software buffers: 4.
[WRN] SystemI::init                            : Output requires a sample rate of 44100Hz, resampling will occur.
[LOG] Thread::initThread                       : Initializing FMOD mixer thread.  priority 3
[LOG] Thread::initThread                       : - Stacksize 49152.  Stack pointer 0x0 : usesemaphore = 1 : sleeptime = 0
[LOG] Thread::callback                         : * FMOD mixer thread started
[LOG] SystemI::init                            : Set up emulated output
[LOG] SystemI::init                            : create the channel pool
[LOG] Thread::initThread                       : Initializing FMOD stream thread.  priority 2
[LOG] Thread::initThread                       : - Stacksize 65536.  Stack pointer 0x0 : usesemaphore = 0 : sleeptime = 10
[LOG] Thread::callback                         : * FMOD stream thread started
[LOG] Thread::initThread                       : Initializing FMOD Studio sample load thread.  priority 0
[LOG] Thread::initThread                       : - Stacksize 65536.  Stack pointer 0x0 : usesemaphore = 0 : sleeptime = 1
[LOG] Thread::callback                         : * FMOD Studio sample load thread started
[LOG] Thread::initThread                       : Initializing FMOD Studio bank load thread.  priority 0
[LOG] Thread::initThread                       : - Stacksize 65536.  Stack pointer 0x0 : usesemaphore = 0 : sleeptime = 1
[LOG] Thread::callback                         : * FMOD Studio bank load thread started
[LOG] Manager::readBank                        : fileversion = 68, compatVersion = 68 (oldest = 44, newest = 72)
[LOG] Manager::readBank                        : fileversion = 68, compatVersion = 68 (oldest = 44, newest = 72)
[LOG] Manager::finishLoadBank                  : Bank with guid {08f9daff-3e1b-4e5b-b3c7-d63256ab9eb0} has already been loaded[LOG] SystemI::createSoundInternal             : filename =  : mode 0a000202
[LOG] SystemI::createSoundInternal             : exinfo->cbsize             = 232
[LOG] SystemI::createSoundInternal             : exinfo->length             = 2016960
[LOG] SystemI::createSoundInternal             : exinfo->fileoffset         = 2123488
[LOG] SystemI::createSoundInternal             : exinfo->numsubsounds       = 1
[LOG] SystemI::createSoundInternal             : exinfo->inclusionlist      = 0x700000110b80
[LOG] SystemI::createSoundInternal             : exinfo->inclusionlistnum   = 1
[LOG] SystemI::createSoundInternal             : exinfo->suggestedsoundtype = 5
[LOG] SystemI::createSoundInternal             : exinfo->useropen           = 0x163df881e
[LOG] SystemI::createSoundInternal             : exinfo->userclose          = 0x163df88e9
[LOG] SystemI::createSoundInternal             : exinfo->userread           = 0x163df8919
[LOG] SystemI::createSoundInternal             : exinfo->userseek           = 0x163df89b6
[LOG] SystemI::createSoundInternal             : exinfo->fileuserdata       = 0x19ce61fe8
[LOG] SystemI::createSoundInternal             : exinfo->initialseekpostype = 1
[LOG] SystemI::createSoundInternal             : Format has 1 subsounds.
[LOG] SystemI::createSoundInternal             : Create as FMOD_CREATESAMPLE
[LOG] SystemI::createSoundInternal             : Multi-sample sound (1 subsounds), create a sample container.
[LOG] SystemI::createSoundInternal             : creating subsound 0/1
[LOG] SystemI::createSample                    : mode 0a000202 length 220925 samples, lengthbytes 13408
[LOG] SystemI::createSample                    : channels = 2
[LOG] SystemI::createSample                    : output = 0x1503a19c8
[LOG] OutputSoftware::createSample             : lengthpcm 220925, lengthbytes 13408, channels 2, format 2, freq 48000, mode 0a00020a
[LOG] SystemI::createSoundInternal             : done.  OpenState now = FMOD_OPENSTATE_READY.

[LOG] SystemI::createSoundInternal             : filename =  : mode 0a000202
[LOG] SystemI::createSoundInternal             : exinfo->cbsize             = 232
[LOG] SystemI::createSoundInternal             : exinfo->length             = 2016960
[LOG] SystemI::createSoundInternal             : exinfo->fileoffset         = 2123488
[LOG] SystemI::createSoundInternal             : exinfo->numsubsounds       = 1
[LOG] SystemI::createSoundInternal             : exinfo->inclusionlist      = 0x700000110b80
[LOG] SystemI::createSoundInternal             : exinfo->inclusionlistnum   = 1
[LOG] SystemI::createSoundInternal             : exinfo->suggestedsoundtype = 5
[LOG] SystemI::createSoundInternal             : exinfo->useropen           = 0x163df881e
[LOG] SystemI::createSoundInternal             : exinfo->userclose          = 0x163df88e9
[LOG] SystemI::createSoundInternal             : exinfo->userread           = 0x163df8919
[LOG] SystemI::createSoundInternal             : exinfo->userseek           = 0x163df89b6
[LOG] SystemI::createSoundInternal             : exinfo->fileuserdata       = 0x19ce61fe8
[LOG] SystemI::createSoundInternal             : exinfo->initialseekpostype = 1
[LOG] SystemI::createSoundInternal             : Format has 1 subsounds.
[LOG] SystemI::createSoundInternal             : Create as FMOD_CREATESAMPLE
[LOG] SystemI::createSoundInternal             : Multi-sample sound (1 subsounds), create a sample container.
[LOG] SystemI::createSoundInternal             : creating subsound 0/1
[LOG] SystemI::createSample                    : mode 0a000202 length 232183 samples, lengthbytes 44000
[LOG] SystemI::createSample                    : channels = 1
[LOG] SystemI::createSample                    : output = 0x1503a19c8
[LOG] OutputSoftware::createSample             : lengthpcm 232183, lengthbytes 44000, channels 1, format 2, freq 48000, mode 0a00020a
[LOG] SystemI::createSoundInternal             : done.  OpenState now = FMOD_OPENSTATE_READY.

[LOG] SystemI::createSoundInternal             : filename =  : mode 0a000202
[LOG] SystemI::createSoundInternal             : exinfo->cbsize             = 232
[LOG] SystemI::createSoundInternal             : exinfo->length             = 2016960
[LOG] SystemI::createSoundInternal             : exinfo->fileoffset         = 2123488
[LOG] SystemI::createSoundInternal             : exinfo->numsubsounds       = 1
[LOG] SystemI::createSoundInternal             : exinfo->inclusionlist      = 0x700000110b80
[LOG] SystemI::createSoundInternal             : exinfo->inclusionlistnum   = 1
[LOG] SystemI::createSoundInternal             : exinfo->suggestedsoundtype = 5
[LOG] SystemI::createSoundInternal             : exinfo->useropen           = 0x163df881e
[LOG] SystemI::createSoundInternal             : exinfo->userclose          = 0x163df88e9
[LOG] SystemI::createSoundInternal             : exinfo->userread           = 0x163df8919
[LOG] SystemI::createSoundInternal             : exinfo->userseek           = 0x163df89b6
[LOG] SystemI::createSoundInternal             : exinfo->fileuserdata       = 0x19ce61fe8
[LOG] SystemI::createSoundInternal             : exinfo->initialseekpostype = 1
[LOG] SystemI::createSoundInternal             : Format has 1 subsounds.
[LOG] SystemI::createSoundInternal             : Create as FMOD_CREATESAMPLE
[LOG] SystemI::createSoundInternal             : Multi-sample sound (1 subsounds), create a sample container.
[LOG] SystemI::createSoundInternal             : creating subsound 0/1
[LOG] SystemI::createSample                    : mode 0a000202 length 331931 samples, lengthbytes 19168
[LOG] SystemI::createSample                    : channels = 2
[LOG] SystemI::createSample                    : output = 0x1503a19c8
[LOG] OutputSoftware::createSample             : lengthpcm 331931, lengthbytes 19168, channels 2, format 2, freq 48000, mode 0a00020a
[LOG] SystemI::createSoundInternal             : done.  OpenState now = FMOD_OPENSTATE_READY.

[LOG] SystemI::createSoundInternal             : filename =  : mode 0a000202
[LOG] SystemI::createSoundInternal             : exinfo->cbsize             = 232
[LOG] SystemI::createSoundInternal             : exinfo->length             = 2016960
[LOG] SystemI::createSoundInternal             : exinfo->fileoffset         = 2123488
[LOG] SystemI::createSoundInternal             : exinfo->numsubsounds       = 1
[LOG] SystemI::createSoundInternal             : exinfo->inclusionlist      = 0x700000110b80
[LOG] SystemI::createSoundInternal             : exinfo->inclusionlistnum   = 1
[LOG] SystemI::createSoundInternal             : exinfo->suggestedsoundtype = 5
[LOG] SystemI::createSoundInternal             : exinfo->useropen           = 0x163df881e
[LOG] SystemI::createSoundInternal             : exinfo->userclose          = 0x163df88e9
[LOG] SystemI::createSoundInternal             : exinfo->userread           = 0x163df8919
[LOG] SystemI::createSoundInternal             : exinfo->userseek           = 0x163df89b6
[LOG] SystemI::createSoundInternal             : exinfo->fileuserdata       = 0x19ce61fe8
[LOG] SystemI::createSoundInternal             : exinfo->initialseekpostype = 1
[LOG] SystemI::createSoundInternal             : Format has 1 subsounds.
[LOG] SystemI::createSoundInternal             : Create as FMOD_CREATESAMPLE
[LOG] SystemI::createSoundInternal             : Multi-sample sound (1 subsounds), create a sample container.
[LOG] SystemI::createSoundInternal             : creating subsound 0/1
[LOG] SystemI::createSample                    : mode 0a000202 length 36839 samples, lengthbytes 6240
[LOG] SystemI::createSample                    : channels = 1
[LOG] SystemI::createSample                    : output = 0x1503a19c8
[LOG] OutputSoftware::createSample             : lengthpcm 36839, lengthbytes 6240, channels 1, format 2, freq 48000, mode 0a00020a
[LOG] SystemI::createSoundInternal             : done.  OpenState now = FMOD_OPENSTATE_READY.

[LOG] SystemI::createSoundInternal             : filename =  : mode 0a000202
[LOG] SystemI::createSoundInternal             : exinfo->cbsize             = 232
[LOG] SystemI::createSoundInternal             : exinfo->length             = 2016960
[LOG] SystemI::createSoundInternal             : exinfo->fileoffset         = 2123488
[LOG] SystemI::createSoundInternal             : exinfo->numsubsounds       = 1
[LOG] SystemI::createSoundInternal             : exinfo->inclusionlist      = 0x700000110b80
[LOG] SystemI::createSoundInternal             : exinfo->inclusionlistnum   = 1
[LOG] SystemI::createSoundInternal             : exinfo->suggestedsoundtype = 5
[LOG] SystemI::createSoundInternal             : exinfo->useropen           = 0x163df881e
[LOG] SystemI::createSoundInternal             : exinfo->userclose          = 0x163df88e9
[LOG] SystemI::createSoundInternal             : exinfo->userread           = 0x163df8919
[LOG] SystemI::createSoundInternal             : exinfo->userseek           = 0x163df89b6
[LOG] SystemI::createSoundInternal             : exinfo->fileuserdata       = 0x19ce61fe8
[LOG] SystemI::createSoundInternal             : exinfo->initialseekpostype = 1
[LOG] SystemI::createSoundInternal             : Format has 1 subsounds.
[LOG] SystemI::createSoundInternal             : Create as FMOD_CREATESAMPLE
[LOG] SystemI::createSoundInternal             : Multi-sample sound (1 subsounds), create a sample container.
[LOG] SystemI::createSoundInternal             : creating subsound 0/1
[LOG] SystemI::createSample                    : mode 0a000202 length 15727 samples, lengthbytes 2720
[LOG] SystemI::createSample                    : channels = 1
[LOG] SystemI::createSample                    : output = 0x1503a19c8
[LOG] OutputSoftware::createSample             : lengthpcm 15727, lengthbytes 2720, channels 1, format 2, freq 48000, mode 0a00020a
[LOG] SystemI::createSoundInternal             : done.  OpenState now = FMOD_OPENSTATE_READY.

[WRN] PlaylistInstrumentInstance::startFullLengthHook : Attempting to schedule a sound in the past, this could cause inaccurate playback.
[LOG] SoundI::release                          : (null) (0x137a86668)
[LOG] SoundI::release                          : release subsounds. (0x137a86668)
[LOG] SoundI::release                          :     (null) (0x148d21e68)
[LOG] SoundI::release                          : release codec. (0x137a86668)
[LOG] SoundI::release                          : (null) (0x14cc14e78)
[LOG] SoundI::release                          : release subsounds. (0x14cc14e78)
[LOG] SoundI::release                          :     (null) (0x1db6f3e88)
[LOG] SoundI::release                          : release codec. (0x14cc14e78)
[LOG] SoundI::release                          : (null) (0x1db09c668)
[LOG] SoundI::release                          : release subsounds. (0x1db09c668)
[LOG] SoundI::release                          :     (null) (0x16f963d88)
[LOG] SoundI::release                          : release codec. (0x1db09c668)
[LOG] SoundI::release                          : (null) (0x125ee56b8)
[LOG] SoundI::release                          : release subsounds. (0x125ee56b8)
[LOG] SoundI::release                          :     (null) (0x161483e08)
[LOG] SoundI::release                          : release codec. (0x125ee56b8)
[LOG] SoundI::release                          : (null) (0x150733e58)
[LOG] SoundI::release                          : release subsounds. (0x150733e58)
[LOG] SoundI::release                          :     (null) (0x187f47fd8)
[LOG] SoundI::release                          : release codec. (0x150733e58)
[LOG] Thread::callback                         : * FMOD Studio bank load thread finished
[LOG] Thread::close                            : FMOD Studio bank load thread thread destroyed
[LOG] Thread::callback                         : * FMOD Studio sample load thread finished
[LOG] Thread::close                            : FMOD Studio sample load thread thread destroyed
[LOG] LiveUpdate::release                      : 
[LOG] SystemI::close                           : 
[LOG] SystemI::close                           : Stop all sounds
[LOG] Thread::callback                         : * FMOD stream thread finished
[LOG] Thread::close                            : FMOD stream thread thread destroyed
[LOG] SystemI::close                           : Stream thread destroyed
[LOG] Thread::callback                         : * FMOD mixer thread finished
[LOG] Thread::close                            : FMOD mixer thread thread destroyed
[LOG] SystemI::close                           : Free master channel group.
[LOG] SystemI::close                           : Remove 'master' sound group.
[LOG] SystemI::close                           : Free software output.
[LOG] SystemI::close                           : Free emulated output.
[LOG] SystemI::close                           : Free channel pool.
[LOG] SystemI::close                           : done.

[LOG] System::create                           : Header version = 1.08.00. Current version = 1.08.00.
